2024-04-04T14:42:37.276+09:00  INFO 15000 --- [restartedMain] c.o.crud.configuration.Application       : Starting Application using Java 17.0.10 with PID 15000 (C:\dev\lecture-code\chap08-crud\build\classes\java\main started by hi in C:\dev\lecture-code\chap08-crud)
2024-04-04T14:42:37.277+09:00  INFO 15000 --- [restartedMain] c.o.crud.configuration.Application       : No active profile set, falling back to 1 default profile: "default"
2024-04-04T14:42:37.308+09:00  INFO 15000 --- [restartedMain] .e.DevToolsPropertyDefaultsPostProcessor : Devtools property defaults active! Set 'spring.devtools.add-properties' to 'false' to disable
2024-04-04T14:42:37.308+09:00  INFO 15000 --- [restartedMain] .e.DevToolsPropertyDefaultsPostProcessor : For additional web related logging consider setting the 'logging.level.web' property to 'DEBUG'
2024-04-04T14:42:37.977+09:00  INFO 15000 --- [restartedMain] o.s.b.w.embedded.tomcat.TomcatWebServer  : Tomcat initialized with port 8080 (http)
2024-04-04T14:42:37.984+09:00  INFO 15000 --- [restartedMain] o.apache.catalina.core.StandardService   : Starting service [Tomcat]
2024-04-04T14:42:37.985+09:00  INFO 15000 --- [restartedMain] o.apache.catalina.core.StandardEngine    : Starting Servlet engine: [Apache Tomcat/10.1.19]
2024-04-04T14:42:38.020+09:00  INFO 15000 --- [restartedMain] o.a.c.c.C.[Tomcat].[localhost].[/]       : Initializing Spring embedded WebApplicationContext
2024-04-04T14:42:38.020+09:00  INFO 15000 --- [restartedMain] w.s.c.ServletWebServerApplicationContext : Root WebApplicationContext: initialization completed in 711 ms
2024-04-04T14:42:38.250+09:00  INFO 15000 --- [restartedMain] o.s.b.a.w.s.WelcomePageHandlerMapping    : Adding welcome page: class path resource [static/index.html]
2024-04-04T14:42:38.450+09:00  INFO 15000 --- [restartedMain] o.s.b.d.a.OptionalLiveReloadServer       : LiveReload server is running on port 35729
2024-04-04T14:42:38.472+09:00  INFO 15000 --- [restartedMain] o.s.b.w.embedded.tomcat.TomcatWebServer  : Tomcat started on port 8080 (http) with context path ''
2024-04-04T14:42:38.479+09:00  INFO 15000 --- [restartedMain] c.o.crud.configuration.Application       : Started Application in 1.483 seconds (process running for 1.818)
2024-04-04T14:42:41.957+09:00  INFO 15000 --- [http-nio-8080-exec-1] o.a.c.c.C.[Tomcat].[localhost].[/]       : Initializing Spring DispatcherServlet 'dispatcherServlet'
2024-04-04T14:42:41.958+09:00  INFO 15000 --- [http-nio-8080-exec-1] o.s.web.servlet.DispatcherServlet        : Initializing Servlet 'dispatcherServlet'
2024-04-04T14:42:41.959+09:00  INFO 15000 --- [http-nio-8080-exec-1] o.s.web.servlet.DispatcherServlet        : Completed initialization in 1 ms
2024-04-04T14:42:41.989+09:00  INFO 15000 --- [http-nio-8080-exec-1] c.o.crud.menu.controller.MenuController  : menu : MenuDTO{menuCode=0, menuName='김치짜글이', menuPrice=5000, categoryCode=4, orderableStatus='Y'}
2024-04-04T14:42:41.991+09:00  WARN 15000 --- [http-nio-8080-exec-1] c.o.crud.menu.controller.MenuController  : menu : MenuDTO{menuCode=0, menuName='김치짜글이', menuPrice=5000, categoryCode=4, orderableStatus='Y'}
2024-04-04T14:42:41.992+09:00 ERROR 15000 --- [http-nio-8080-exec-1] c.o.crud.menu.controller.MenuController  : menu : MenuDTO{menuCode=0, menuName='김치짜글이', menuPrice=5000, categoryCode=4, orderableStatus='Y'}
2024-04-04T14:42:41.997+09:00  INFO 15000 --- [http-nio-8080-exec-1] com.zaxxer.hikari.HikariDataSource       : HikariPool-1 - Starting...
2024-04-04T14:42:42.172+09:00  INFO 15000 --- [http-nio-8080-exec-1] com.zaxxer.hikari.pool.HikariPool        : HikariPool-1 - Added connection com.mysql.cj.jdbc.ConnectionImpl@24c83510
2024-04-04T14:42:42.174+09:00  INFO 15000 --- [http-nio-8080-exec-1] com.zaxxer.hikari.HikariDataSource       : HikariPool-1 - Start completed.
2024-04-04T14:42:42.213+09:00 ERROR 15000 --- [http-nio-8080-exec-1] o.a.c.c.C.[.[.[/].[dispatcherServlet]    : Servlet.service() for servlet [dispatcherServlet] in context with path [] threw exception [Request processing failed: org.springframework.context.NoSuchMessageException: No message found under code 'registMenu' for locale 'ko_KR'.] with root cause

org.springframework.context.NoSuchMessageException: No message found under code 'registMenu' for locale 'ko_KR'.
	at org.springframework.context.support.AbstractMessageSource.getMessage(AbstractMessageSource.java:161) ~[spring-context-6.1.5.jar:6.1.5]
	at com.ohgiraffers.crud.menu.controller.MenuController.registMenu(MenuController.java:61) ~[main/:na]
	at java.base/jdk.internal.reflect.NativeMethodAccessorImpl.invoke0(Native Method) ~[na:na]
	at java.base/jdk.internal.reflect.NativeMethodAccessorImpl.invoke(NativeMethodAccessorImpl.java:77) ~[na:na]
	at java.base/jdk.internal.reflect.DelegatingMethodAccessorImpl.invoke(DelegatingMethodAccessorImpl.java:43) ~[na:na]
	at java.base/java.lang.reflect.Method.invoke(Method.java:568) ~[na:na]
	at org.springframework.web.method.support.InvocableHandlerMethod.doInvoke(InvocableHandlerMethod.java:255) ~[spring-web-6.1.5.jar:6.1.5]
	at org.springframework.web.method.support.InvocableHandlerMethod.invokeForRequest(InvocableHandlerMethod.java:188) ~[spring-web-6.1.5.jar:6.1.5]
	at org.springframework.web.servlet.mvc.method.annotation.ServletInvocableHandlerMethod.invokeAndHandle(ServletInvocableHandlerMethod.java:118) ~[spring-webmvc-6.1.5.jar:6.1.5]
	at org.springframework.web.servlet.mvc.method.annotation.RequestMappingHandlerAdapter.invokeHandlerMethod(RequestMappingHandlerAdapter.java:925) ~[spring-webmvc-6.1.5.jar:6.1.5]
	at org.springframework.web.servlet.mvc.method.annotation.RequestMappingHandlerAdapter.handleInternal(RequestMappingHandlerAdapter.java:830) ~[spring-webmvc-6.1.5.jar:6.1.5]
	at org.springframework.web.servlet.mvc.method.AbstractHandlerMethodAdapter.handle(AbstractHandlerMethodAdapter.java:87) ~[spring-webmvc-6.1.5.jar:6.1.5]
	at org.springframework.web.servlet.DispatcherServlet.doDispatch(DispatcherServlet.java:1089) ~[spring-webmvc-6.1.5.jar:6.1.5]
	at org.springframework.web.servlet.DispatcherServlet.doService(DispatcherServlet.java:979) ~[spring-webmvc-6.1.5.jar:6.1.5]
	at org.springframework.web.servlet.FrameworkServlet.processRequest(FrameworkServlet.java:1014) ~[spring-webmvc-6.1.5.jar:6.1.5]
	at org.springframework.web.servlet.FrameworkServlet.doPost(FrameworkServlet.java:914) ~[spring-webmvc-6.1.5.jar:6.1.5]
	at jakarta.servlet.http.HttpServlet.service(HttpServlet.java:590) ~[tomcat-embed-core-10.1.19.jar:6.0]
	at org.springframework.web.servlet.FrameworkServlet.service(FrameworkServlet.java:885) ~[spring-webmvc-6.1.5.jar:6.1.5]
	at jakarta.servlet.http.HttpServlet.service(HttpServlet.java:658) ~[tomcat-embed-core-10.1.19.jar:6.0]
	at org.apache.catalina.core.ApplicationFilterChain.internalDoFilter(ApplicationFilterChain.java:205) ~[tomcat-embed-core-10.1.19.jar:10.1.19]
	at org.apache.catalina.core.ApplicationFilterChain.doFilter(ApplicationFilterChain.java:149) ~[tomcat-embed-core-10.1.19.jar:10.1.19]
	at org.apache.tomcat.websocket.server.WsFilter.doFilter(WsFilter.java:51) ~[tomcat-embed-websocket-10.1.19.jar:10.1.19]
	at org.apache.catalina.core.ApplicationFilterChain.internalDoFilter(ApplicationFilterChain.java:174) ~[tomcat-embed-core-10.1.19.jar:10.1.19]
	at org.apache.catalina.core.ApplicationFilterChain.doFilter(ApplicationFilterChain.java:149) ~[tomcat-embed-core-10.1.19.jar:10.1.19]
	at org.springframework.web.filter.RequestContextFilter.doFilterInternal(RequestContextFilter.java:100) ~[spring-web-6.1.5.jar:6.1.5]
	at org.springframework.web.filter.OncePerRequestFilter.doFilter(OncePerRequestFilter.java:116) ~[spring-web-6.1.5.jar:6.1.5]
	at org.apache.catalina.core.ApplicationFilterChain.internalDoFilter(ApplicationFilterChain.java:174) ~[tomcat-embed-core-10.1.19.jar:10.1.19]
	at org.apache.catalina.core.ApplicationFilterChain.doFilter(ApplicationFilterChain.java:149) ~[tomcat-embed-core-10.1.19.jar:10.1.19]
	at org.springframework.web.filter.FormContentFilter.doFilterInternal(FormContentFilter.java:93) ~[spring-web-6.1.5.jar:6.1.5]
	at org.springframework.web.filter.OncePerRequestFilter.doFilter(OncePerRequestFilter.java:116) ~[spring-web-6.1.5.jar:6.1.5]
	at org.apache.catalina.core.ApplicationFilterChain.internalDoFilter(ApplicationFilterChain.java:174) ~[tomcat-embed-core-10.1.19.jar:10.1.19]
	at org.apache.catalina.core.ApplicationFilterChain.doFilter(ApplicationFilterChain.java:149) ~[tomcat-embed-core-10.1.19.jar:10.1.19]
	at org.springframework.web.filter.CharacterEncodingFilter.doFilterInternal(CharacterEncodingFilter.java:201) ~[spring-web-6.1.5.jar:6.1.5]
	at org.springframework.web.filter.OncePerRequestFilter.doFilter(OncePerRequestFilter.java:116) ~[spring-web-6.1.5.jar:6.1.5]
	at org.apache.catalina.core.ApplicationFilterChain.internalDoFilter(ApplicationFilterChain.java:174) ~[tomcat-embed-core-10.1.19.jar:10.1.19]
	at org.apache.catalina.core.ApplicationFilterChain.doFilter(ApplicationFilterChain.java:149) ~[tomcat-embed-core-10.1.19.jar:10.1.19]
	at org.apache.catalina.core.StandardWrapperValve.invoke(StandardWrapperValve.java:167) ~[tomcat-embed-core-10.1.19.jar:10.1.19]
	at org.apache.catalina.core.StandardContextValve.invoke(StandardContextValve.java:90) ~[tomcat-embed-core-10.1.19.jar:10.1.19]
	at org.apache.catalina.authenticator.AuthenticatorBase.invoke(AuthenticatorBase.java:482) ~[tomcat-embed-core-10.1.19.jar:10.1.19]
	at org.apache.catalina.core.StandardHostValve.invoke(StandardHostValve.java:115) ~[tomcat-embed-core-10.1.19.jar:10.1.19]
	at org.apache.catalina.valves.ErrorReportValve.invoke(ErrorReportValve.java:93) ~[tomcat-embed-core-10.1.19.jar:10.1.19]
	at org.apache.catalina.core.StandardEngineValve.invoke(StandardEngineValve.java:74) ~[tomcat-embed-core-10.1.19.jar:10.1.19]
	at org.apache.catalina.connector.CoyoteAdapter.service(CoyoteAdapter.java:344) ~[tomcat-embed-core-10.1.19.jar:10.1.19]
	at org.apache.coyote.http11.Http11Processor.service(Http11Processor.java:391) ~[tomcat-embed-core-10.1.19.jar:10.1.19]
	at org.apache.coyote.AbstractProcessorLight.process(AbstractProcessorLight.java:63) ~[tomcat-embed-core-10.1.19.jar:10.1.19]
	at org.apache.coyote.AbstractProtocol$ConnectionHandler.process(AbstractProtocol.java:896) ~[tomcat-embed-core-10.1.19.jar:10.1.19]
	at org.apache.tomcat.util.net.NioEndpoint$SocketProcessor.doRun(NioEndpoint.java:1744) ~[tomcat-embed-core-10.1.19.jar:10.1.19]
	at org.apache.tomcat.util.net.SocketProcessorBase.run(SocketProcessorBase.java:52) ~[tomcat-embed-core-10.1.19.jar:10.1.19]
	at org.apache.tomcat.util.threads.ThreadPoolExecutor.runWorker(ThreadPoolExecutor.java:1191) ~[tomcat-embed-core-10.1.19.jar:10.1.19]
	at org.apache.tomcat.util.threads.ThreadPoolExecutor$Worker.run(ThreadPoolExecutor.java:659) ~[tomcat-embed-core-10.1.19.jar:10.1.19]
	at org.apache.tomcat.util.threads.TaskThread$WrappingRunnable.run(TaskThread.java:63) ~[tomcat-embed-core-10.1.19.jar:10.1.19]
	at java.base/java.lang.Thread.run(Thread.java:840) ~[na:na]

2024-04-04T14:43:16.502+09:00  INFO 15000 --- [File Watcher] rtingClassPathChangeChangedEventListener : Restarting due to 7 class path changes (0 additions, 0 deletions, 7 modifications)
2024-04-04T14:43:16.510+09:00  INFO 15000 --- [Thread-5] com.zaxxer.hikari.HikariDataSource       : HikariPool-1 - Shutdown initiated...
2024-04-04T14:43:16.515+09:00  INFO 15000 --- [Thread-5] com.zaxxer.hikari.HikariDataSource       : HikariPool-1 - Shutdown completed.
2024-04-04T14:43:16.568+09:00  INFO 15000 --- [restartedMain] c.o.crud.configuration.Application       : Starting Application using Java 17.0.10 with PID 15000 (C:\dev\lecture-code\chap08-crud\build\classes\java\main started by hi in C:\dev\lecture-code\chap08-crud)
2024-04-04T14:43:16.569+09:00  INFO 15000 --- [restartedMain] c.o.crud.configuration.Application       : No active profile set, falling back to 1 default profile: "default"
2024-04-04T14:43:16.751+09:00  INFO 15000 --- [restartedMain] o.s.b.w.embedded.tomcat.TomcatWebServer  : Tomcat initialized with port 8080 (http)
2024-04-04T14:43:16.752+09:00  INFO 15000 --- [restartedMain] o.apache.catalina.core.StandardService   : Starting service [Tomcat]
2024-04-04T14:43:16.752+09:00  INFO 15000 --- [restartedMain] o.apache.catalina.core.StandardEngine    : Starting Servlet engine: [Apache Tomcat/10.1.19]
2024-04-04T14:43:16.763+09:00  INFO 15000 --- [restartedMain] o.a.c.c.C.[Tomcat].[localhost].[/]       : Initializing Spring embedded WebApplicationContext
2024-04-04T14:43:16.763+09:00  INFO 15000 --- [restartedMain] w.s.c.ServletWebServerApplicationContext : Root WebApplicationContext: initialization completed in 192 ms
2024-04-04T14:43:16.804+09:00  INFO 15000 --- [restartedMain] o.s.b.a.w.s.WelcomePageHandlerMapping    : Adding welcome page: class path resource [static/index.html]
2024-04-04T14:43:16.843+09:00  INFO 15000 --- [restartedMain] o.s.b.d.a.OptionalLiveReloadServer       : LiveReload server is running on port 35729
2024-04-04T14:43:16.849+09:00  INFO 15000 --- [restartedMain] o.s.b.w.embedded.tomcat.TomcatWebServer  : Tomcat started on port 8080 (http) with context path ''
2024-04-04T14:43:16.852+09:00  INFO 15000 --- [restartedMain] c.o.crud.configuration.Application       : Started Application in 0.302 seconds (process running for 40.191)
2024-04-04T14:43:16.852+09:00  INFO 15000 --- [restartedMain] .ConditionEvaluationDeltaLoggingListener : Condition evaluation unchanged
2024-04-04T14:43:17.123+09:00  INFO 15000 --- [http-nio-8080-exec-1] o.a.c.c.C.[Tomcat].[localhost].[/]       : Initializing Spring DispatcherServlet 'dispatcherServlet'
2024-04-04T14:43:17.123+09:00  INFO 15000 --- [http-nio-8080-exec-1] o.s.web.servlet.DispatcherServlet        : Initializing Servlet 'dispatcherServlet'
2024-04-04T14:43:17.123+09:00  INFO 15000 --- [http-nio-8080-exec-1] o.s.web.servlet.DispatcherServlet        : Completed initialization in 0 ms
2024-04-04T14:43:17.125+09:00  INFO 15000 --- [http-nio-8080-exec-1] c.o.crud.menu.controller.MenuController  : menu : MenuDTO{menuCode=0, menuName='김치짜글이', menuPrice=5000, categoryCode=4, orderableStatus='Y'}
2024-04-04T14:43:17.126+09:00  WARN 15000 --- [http-nio-8080-exec-1] c.o.crud.menu.controller.MenuController  : menu : MenuDTO{menuCode=0, menuName='김치짜글이', menuPrice=5000, categoryCode=4, orderableStatus='Y'}
2024-04-04T14:43:17.126+09:00 ERROR 15000 --- [http-nio-8080-exec-1] c.o.crud.menu.controller.MenuController  : menu : MenuDTO{menuCode=0, menuName='김치짜글이', menuPrice=5000, categoryCode=4, orderableStatus='Y'}
2024-04-04T14:43:17.126+09:00  INFO 15000 --- [http-nio-8080-exec-1] com.zaxxer.hikari.HikariDataSource       : HikariPool-2 - Starting...
2024-04-04T14:43:17.134+09:00  INFO 15000 --- [http-nio-8080-exec-1] com.zaxxer.hikari.pool.HikariPool        : HikariPool-2 - Added connection com.mysql.cj.jdbc.ConnectionImpl@6750b79b
2024-04-04T14:43:17.134+09:00  INFO 15000 --- [http-nio-8080-exec-1] com.zaxxer.hikari.HikariDataSource       : HikariPool-2 - Start completed.
2024-04-04T14:43:17.348+09:00  WARN 15000 --- [http-nio-8080-exec-2] o.t.s.p.StandardIncludeTagProcessor      : [THYMELEAF][http-nio-8080-exec-2][menu/list] Deprecated attribute {th:include,data-th-include} found in template menu/list, line 12, col 6. Please use {th:insert,data-th-insert} instead, this deprecated attribute will be removed in future versions of Thymeleaf.
2024-04-04T14:43:17.351+09:00  WARN 15000 --- [http-nio-8080-exec-2] actStandardFragmentInsertionTagProcessor : [THYMELEAF][http-nio-8080-exec-2][menu/list] Deprecated unwrapped fragment expression "common/header" found in template menu/list, line 12, col 6. Please use the complete syntax of fragment expressions instead ("~{common/header}"). The old, unwrapped syntax for fragment expressions will be removed in future versions of Thymeleaf.
2024-04-04T15:28:44.883+09:00  INFO 15000 --- [SpringApplicationShutdownHook] com.zaxxer.hikari.HikariDataSource       : HikariPool-2 - Shutdown initiated...
2024-04-04T15:28:44.886+09:00  INFO 15000 --- [SpringApplicationShutdownHook] com.zaxxer.hikari.HikariDataSource       : HikariPool-2 - Shutdown completed.
